08:53:27 - [ SYSLOG ] - connect to config 1
08:53:27 - [ SYSLOG ] - good....
08:53:27 - [ SYSLOG ] - send notification mail
08:53:27 - [ SYSLOG ] - send mail done
08:53:27 - [ SYSLOG ] - redirect
08:54:14 - [ SYSLOG ] - connect to config 1
08:54:16 - [ SYSLOG ] - connect to config 1
08:54:16 - [ SYSLOG ] - good....
08:54:16 - [ SYSLOG ] - send notification mail
08:54:16 - [ SYSLOG ] - send mail done
08:54:16 - [ SYSLOG ] - redirect
08:54:23 - [ SYSLOG ] - connect to config 1
08:54:23 - [ SYSLOG ] - good....
08:54:23 - [ SYSLOG ] - send notification mail
08:54:23 - [ SYSLOG ] - send mail done
08:54:23 - [ SYSLOG ] - redirect
08:55:09 - [ SYSLOG ] - connect to config 1
08:55:48 - [ SYSLOG ] - connect to config 1
08:55:48 - [ SYSLOG ] - good....
08:55:48 - [ SYSLOG ] - send notification mail
08:55:48 - [ SYSLOG ] - send mail done
08:55:48 - [ SYSLOG ] - redirect
09:03:38 - [ SYSLOG ] - connect to config 1
09:03:38 - [ SYSLOG ] - good....
09:03:38 - [ SYSLOG ] - send notification mail
09:03:38 - [ SYSLOG ] - send mail done
09:03:38 - [ SYSLOG ] - redirect
09:04:56 - [ SYSLOG ] - connect to config 1
09:04:56 - [ SYSLOG ] - good....
09:05:29 - [ SYSLOG ] - connect to config 1
09:05:29 - [ SYSLOG ] - good....
09:05:29 - [ SYSLOG ] - send notification mail
09:05:29 - [ SYSLOG ] - send mail done
09:05:29 - [ SYSLOG ] - redirect
